2023-02-09 16:19:07 INFO  BaseTest:32 - ====================打开了chrome浏览器=====================
2023-02-09 16:19:07 INFO  BaseTest:71 - ====================最大化浏览器=====================
2023-02-09 16:19:07 INFO  BaseTest:80 - ====================访问网址：=====================https://uc.todesk.com
2023-02-09 16:19:15 INFO  BasePage:76 - 对元素【账号登录】进行点击
2023-02-09 16:19:16 INFO  BasePage:65 - 往元素【手机号或者邮箱输入框】输入数据【17511618501】
2023-02-09 16:19:17 INFO  BasePage:65 - 往元素【密码输入框】输入数据【111111】
2023-02-09 16:19:19 INFO  BasePage:76 - 对元素【账号登录】进行点击
2023-02-09 16:19:29 ERROR BasePage:52 - 定位元素【By.xpath: //*[@id='login_accountLogin']/p】异常
2023-02-09 16:25:06 INFO  BaseTest:32 - ====================打开了chrome浏览器=====================
2023-02-09 16:25:06 INFO  BaseTest:71 - ====================最大化浏览器=====================
2023-02-09 16:25:06 INFO  BaseTest:80 - ====================访问网址：=====================https://uc.todesk.com
2023-02-09 16:25:14 INFO  BasePage:76 - 对元素【账号登录】进行点击
2023-02-09 16:25:25 ERROR BasePage:52 - 定位元素【By.xpath: //*[@id='login_loginSubmit']/span】异常
2023-02-09 16:32:42 INFO  BaseTest:32 - ====================打开了chrome浏览器=====================
2023-02-09 16:32:42 INFO  BaseTest:71 - ====================最大化浏览器=====================
2023-02-09 16:32:43 INFO  BaseTest:80 - ====================访问网址：=====================https://uc.todesk.com
2023-02-09 16:32:51 INFO  BasePage:76 - 对元素【账号登录】进行点击
2023-02-09 16:32:52 INFO  BasePage:65 - 往元素【手机号或者邮箱输入框】输入数据【17511618501】
2023-02-09 16:32:53 INFO  BasePage:65 - 往元素【密码输入框】输入数据【111111】
2023-02-09 16:32:54 INFO  BasePage:76 - 对元素【登录】进行点击
2023-02-09 16:33:04 ERROR BasePage:52 - 定位元素【By.id: #login_loginSubmit > span】异常
2023-02-09 16:34:37 INFO  BaseTest:32 - ====================打开了chrome浏览器=====================
2023-02-09 16:34:37 INFO  BaseTest:71 - ====================最大化浏览器=====================
2023-02-09 16:34:37 INFO  BaseTest:80 - ====================访问网址：=====================https://uc.todesk.com
2023-02-09 16:34:46 INFO  BasePage:76 - 对元素【账号登录】进行点击
2023-02-09 16:34:47 INFO  BasePage:65 - 往元素【手机号或者邮箱输入框】输入数据【17511618501】
2023-02-09 16:34:48 INFO  BasePage:65 - 往元素【密码输入框】输入数据【111111】
2023-02-09 16:34:50 INFO  BasePage:76 - 对元素【登录】进行点击
2023-02-09 16:36:30 INFO  BaseTest:32 - ====================打开了chrome浏览器=====================
2023-02-09 16:36:30 INFO  BaseTest:71 - ====================最大化浏览器=====================
2023-02-09 16:36:30 INFO  BaseTest:80 - ====================访问网址：=====================https://uc.todesk.com
2023-02-09 16:36:44 INFO  BasePage:76 - 对元素【账号登录】进行点击
2023-02-09 16:36:45 INFO  BasePage:65 - 往元素【手机号或者邮箱输入框】输入数据【17511618501】
2023-02-09 16:36:46 INFO  BasePage:65 - 往元素【密码输入框】输入数据【111111】
2023-02-09 16:36:48 INFO  BasePage:76 - 对元素【登录】进行点击
2023-02-09 16:36:51 INFO  BaseTest:63 - ====================退出浏览器=====================
2023-02-09 16:36:56 INFO  BaseTest:32 - ====================打开了chrome浏览器=====================
2023-02-09 16:36:56 INFO  BaseTest:71 - ====================最大化浏览器=====================
2023-02-09 16:36:56 INFO  BaseTest:80 - ====================访问网址：=====================https://uc.todesk.com
2023-02-09 16:37:07 INFO  BaseTest:63 - ====================退出浏览器=====================
2023-02-13 16:07:22 INFO  BaseTest:33 - ====================打开了chrome浏览器=====================
2023-02-13 16:07:22 INFO  BaseTest:72 - ====================最大化浏览器=====================
2023-02-13 16:07:22 INFO  BaseTest:81 - ====================访问网址：=====================https://uc.todesk.com
2023-02-13 16:07:31 INFO  BasePage:80 - 对元素【账号登录】进行点击
2023-02-13 16:07:32 INFO  BasePage:69 - 往元素【手机号或者邮箱输入框】输入数据【18896103409】
2023-02-13 16:07:36 INFO  BaseTest:64 - ====================退出浏览器=====================
2023-02-13 16:07:40 INFO  BaseTest:33 - ====================打开了chrome浏览器=====================
2023-02-13 16:07:40 INFO  BaseTest:72 - ====================最大化浏览器=====================
2023-02-13 16:07:41 INFO  BaseTest:81 - ====================访问网址：=====================https://uc.todesk.com
2023-02-13 16:07:49 INFO  BasePage:80 - 对元素【账号登录】进行点击
2023-02-13 16:07:50 INFO  BasePage:69 - 往元素【手机号或者邮箱输入框】输入数据【aaaaaaaaaaa】
2023-02-13 16:07:54 INFO  BaseTest:64 - ====================退出浏览器=====================
2023-02-13 16:07:59 INFO  BaseTest:33 - ====================打开了chrome浏览器=====================
2023-02-13 16:07:59 INFO  BaseTest:72 - ====================最大化浏览器=====================
2023-02-13 16:07:59 INFO  BaseTest:81 - ====================访问网址：=====================https://uc.todesk.com
2023-02-13 16:08:07 INFO  BasePage:80 - 对元素【账号登录】进行点击
2023-02-13 16:08:08 INFO  BasePage:69 - 往元素【手机号或者邮箱输入框】输入数据【17511618501】
2023-02-13 16:08:09 INFO  BasePage:69 - 往元素【密码输入框】输入数据【111111】
2023-02-13 16:08:10 INFO  BasePage:80 - 对元素【登录】进行点击
2023-02-13 16:08:14 INFO  BaseTest:64 - ====================退出浏览器=====================
2023-02-13 16:08:18 INFO  BaseTest:33 - ====================打开了chrome浏览器=====================
2023-02-13 16:08:18 INFO  BaseTest:72 - ====================最大化浏览器=====================
2023-02-13 16:08:19 INFO  BaseTest:81 - ====================访问网址：=====================https://uc.todesk.com
2023-02-13 16:08:30 INFO  BaseTest:64 - ====================退出浏览器=====================
2023-02-13 19:30:26 INFO  BaseTest:33 - ====================打开了chrome浏览器=====================
2023-02-13 19:30:26 INFO  BaseTest:72 - ====================最大化浏览器=====================
2023-02-13 19:30:27 INFO  BaseTest:81 - ====================访问网址：=====================https://uc.todesk.com
2023-02-13 19:30:37 INFO  BasePage:80 - 对元素【账号登录】进行点击
2023-02-13 19:30:38 INFO  BasePage:69 - 往元素【手机号或者邮箱输入框】输入数据【18896103409】
2023-02-13 19:30:42 INFO  BaseTest:64 - ====================退出浏览器=====================
2023-02-13 19:30:47 INFO  BaseTest:33 - ====================打开了chrome浏览器=====================
2023-02-13 19:30:47 INFO  BaseTest:72 - ====================最大化浏览器=====================
2023-02-13 19:30:47 INFO  BaseTest:81 - ====================访问网址：=====================https://uc.todesk.com
2023-02-13 19:30:58 INFO  BasePage:80 - 对元素【账号登录】进行点击
2023-02-13 19:30:59 INFO  BasePage:69 - 往元素【手机号或者邮箱输入框】输入数据【aaaaaaaaaaa】
2023-02-13 19:31:03 INFO  BaseTest:64 - ====================退出浏览器=====================
2023-02-13 19:31:08 INFO  BaseTest:33 - ====================打开了chrome浏览器=====================
2023-02-13 19:31:08 INFO  BaseTest:72 - ====================最大化浏览器=====================
2023-02-13 19:31:08 INFO  BaseTest:81 - ====================访问网址：=====================https://uc.todesk.com
2023-02-13 19:31:17 INFO  BasePage:80 - 对元素【账号登录】进行点击
2023-02-13 19:31:18 INFO  BasePage:69 - 往元素【手机号或者邮箱输入框】输入数据【17511618501】
2023-02-13 19:31:18 INFO  BasePage:69 - 往元素【密码输入框】输入数据【111111】
2023-02-13 19:31:20 INFO  BasePage:80 - 对元素【登录】进行点击
2023-02-13 19:31:24 INFO  BaseTest:64 - ====================退出浏览器=====================
2023-02-13 19:31:28 INFO  BaseTest:33 - ====================打开了chrome浏览器=====================
2023-02-13 19:31:28 INFO  BaseTest:72 - ====================最大化浏览器=====================
2023-02-13 19:31:29 INFO  BaseTest:81 - ====================访问网址：=====================https://uc.todesk.com
2023-02-13 19:31:40 INFO  BaseTest:64 - ====================退出浏览器=====================
2023-02-13 19:32:48 INFO  BaseTest:33 - ====================打开了chrome浏览器=====================
2023-02-13 19:32:48 INFO  BaseTest:72 - ====================最大化浏览器=====================
2023-02-13 19:32:48 INFO  BaseTest:81 - ====================访问网址：=====================https://uc.todesk.com
2023-02-13 19:32:58 INFO  BasePage:80 - 对元素【账号登录】进行点击
2023-02-13 19:32:59 INFO  BasePage:69 - 往元素【手机号或者邮箱输入框】输入数据【18896103409】
2023-02-13 19:33:03 INFO  BaseTest:64 - ====================退出浏览器=====================
2023-02-13 19:33:07 INFO  BaseTest:33 - ====================打开了chrome浏览器=====================
2023-02-13 19:33:07 INFO  BaseTest:72 - ====================最大化浏览器=====================
2023-02-13 19:33:08 INFO  BaseTest:81 - ====================访问网址：=====================https://uc.todesk.com
2023-02-13 19:33:17 INFO  BasePage:80 - 对元素【账号登录】进行点击
2023-02-13 19:33:18 INFO  BasePage:69 - 往元素【手机号或者邮箱输入框】输入数据【aaaaaaaaaaa】
2023-02-13 19:33:22 INFO  BaseTest:64 - ====================退出浏览器=====================
2023-02-13 19:33:26 INFO  BaseTest:33 - ====================打开了chrome浏览器=====================
2023-02-13 19:33:26 INFO  BaseTest:72 - ====================最大化浏览器=====================
2023-02-13 19:33:27 INFO  BaseTest:81 - ====================访问网址：=====================https://uc.todesk.com
2023-02-13 19:33:35 INFO  BasePage:80 - 对元素【账号登录】进行点击
2023-02-13 19:33:36 INFO  BasePage:69 - 往元素【手机号或者邮箱输入框】输入数据【17511618501】
2023-02-13 19:33:37 INFO  BasePage:69 - 往元素【密码输入框】输入数据【111111】
2023-02-13 19:33:39 INFO  BasePage:80 - 对元素【登录】进行点击
2023-02-13 19:33:43 INFO  BaseTest:64 - ====================退出浏览器=====================
2023-02-13 19:33:47 INFO  BaseTest:33 - ====================打开了chrome浏览器=====================
2023-02-13 19:33:47 INFO  BaseTest:72 - ====================最大化浏览器=====================
2023-02-13 19:33:48 INFO  BaseTest:81 - ====================访问网址：=====================https://uc.todesk.com
2023-02-13 19:33:59 INFO  BaseTest:64 - ====================退出浏览器=====================
